<?xml version="1.0" encoding="UTF-8"?>
<!-- Generated by org.testng.reporters.JUnitReportReporter -->
<testsuite hostname="IN-DQYZDK3" failures="0" tests="1" name="Tests.LoginTest" time="26.385" errors="0" timestamp="2025-05-02T14:17:49 IST" skipped="0">
  <testcase classname="Tests.LoginTest" name="testvalidlogin" time="26.385"/>
  <system-out/>
</testsuite> <!-- Tests.LoginTest -->
